

Your input ->  что такое архитепктура                                                                                                      
2024-12-27 16:07:03 DEBUG    rasa.core.lock_store  - Issuing ticket for conversation 'a809ee2df69d40a3a12ffaa4d66dd73e'.
2024-12-27 16:07:03 DEBUG    rasa.core.lock_store  - Acquiring lock for conversation 'a809ee2df69d40a3a12ffaa4d66dd73e'.
2024-12-27 16:07:03 DEBUG    rasa.core.lock_store  - Acquired lock for conversation 'a809ee2df69d40a3a12ffaa4d66dd73e'.
2024-12-27 16:07:03 DEBUG    rasa.core.tracker_store  - Could not find tracker for conversation ID 'a809ee2df69d40a3a12ffaa4d66dd73e'.
2024-12-27 16:07:03 DEBUG    rasa.core.tracker_store  - No event broker configured. Skipping streaming events.
2024-12-27 16:07:03 DEBUG    rasa.core.processor  - Starting a new session for conversation ID 'a809ee2df69d40a3a12ffaa4d66dd73e'.
2024-12-27 16:07:03 DEBUG    rasa.core.processor  - [debug    ] processor.actions.policy_prediction prediction_events=[]
2024-12-27 16:07:03 DEBUG    rasa.core.processor  - [debug    ] processor.actions.log          action_name=action_session_start rasa_events=[<rasa.shared.core.events.SessionStarted object at 0x7fb8609134f0>, ActionExecuted(action: action_listen, policy: None, confidence: None)]
2024-12-27 16:07:03 DEBUG    rasa.core.processor  - [debug    ] processor.slots.log            slot_values=	topic: None
	session_started_metadata: None
2024-12-27 16:07:03 DEBUG    rasa.engine.runner.dask  - Running graph with inputs: {'__message__': [<rasa.core.channels.channel.UserMessage object at 0x7fb860910910>], '__tracker__': <rasa.shared.core.trackers.DialogueStateTracker object at 0x7fb860b84f10>}, targets: ['run_RegexMessageHandler'] and ExecutionContext(model_id='3ee1353c063342369def7f6e2e4e115c', should_add_diagnostic_data=False, is_finetuning=False, node_name=None).
2024-12-27 16:07:03 DEBUG    rasa.engine.graph  - Node 'nlu_message_converter' running 'NLUMessageConverter.convert_user_message'.
2024-12-27 16:07:03 DEBUG    rasa.engine.graph  - Node 'run_WhitespaceTokenizer0' running 'WhitespaceTokenizer.process'.
2024-12-27 16:07:03 DEBUG    rasa.engine.graph  - Node 'run_RegexFeaturizer1' running 'RegexFeaturizer.process'.
2024-12-27 16:07:03 DEBUG    rasa.engine.graph  - Node 'run_LexicalSyntacticFeaturizer2' running 'LexicalSyntacticFeaturizer.process'.
2024-12-27 16:07:03 DEBUG    rasa.engine.graph  - Node 'run_CountVectorsFeaturizer3' running 'CountVectorsFeaturizer.process'.
2024-12-27 16:07:03 DEBUG    rasa.engine.graph  - Node 'run_CountVectorsFeaturizer4' running 'CountVectorsFeaturizer.process'.
2024-12-27 16:07:03 DEBUG    rasa.engine.graph  - Node 'run_DIETClassifier5' running 'DIETClassifier.process'.
2024-12-27 16:07:03 DEBUG    rasa.engine.graph  - Node 'run_EntitySynonymMapper6' running 'EntitySynonymMapper.process'.
2024-12-27 16:07:03 DEBUG    rasa.engine.graph  - Node 'run_ResponseSelector7' running 'ResponseSelector.process'.
2024-12-27 16:07:03 DEBUG    rasa.nlu.classifiers.diet_classifier  - There is no trained model for 'ResponseSelector': The component is either not trained or didn't receive enough training data.
2024-12-27 16:07:03 DEBUG    rasa.nlu.selectors.response_selector  - Adding following selector key to message property: default
2024-12-27 16:07:03 DEBUG    rasa.engine.graph  - Node 'run_FallbackClassifier8' running 'FallbackClassifier.process'.
2024-12-27 16:07:03 DEBUG    rasa.engine.graph  - Node 'domain_provider' running 'DomainProvider.provide_inference'.
2024-12-27 16:07:03 DEBUG    rasa.engine.graph  - Node 'run_RegexMessageHandler' running 'RegexMessageHandler.process'.
2024-12-27 16:07:03 DEBUG    rasa.core.processor  - [debug    ] processor.message.parse        parse_data_entities=[] parse_data_intent={'name': 'ask_architecture', 'confidence': 0.9999998807907104} parse_data_text=что такое архитепктура
2024-12-27 16:07:03 DEBUG    rasa.core.processor  - Logged UserUtterance - tracker now has 4 events.
2024-12-27 16:07:03 DEBUG    rasa.core.actions.action  - Validating extracted slots: topic
2024-12-27 16:07:03 DEBUG    rasa.core.processor  - [debug    ] processor.extract.slots        action_extract_slot=action_extract_slots len_extraction_events=1 rasa_events=[SlotSet(key: topic, value: что такое архитепктура)]
2024-12-27 16:07:03 DEBUG    rasa.engine.runner.dask  - Running graph with inputs: {'__tracker__': <rasa.shared.core.trackers.DialogueStateTracker object at 0x7fb860b84f10>}, targets: ['select_prediction'] and ExecutionContext(model_id='3ee1353c063342369def7f6e2e4e115c', should_add_diagnostic_data=False, is_finetuning=False, node_name=None).
2024-12-27 16:07:03 DEBUG    rasa.engine.graph  - Node 'rule_only_data_provider' running 'RuleOnlyDataProvider.provide'.
2024-12-27 16:07:03 DEBUG    rasa.engine.graph  - Node 'domain_provider' running 'DomainProvider.provide_inference'.
2024-12-27 16:07:03 DEBUG    rasa.engine.graph  - Node 'run_MemoizationPolicy0' running 'MemoizationPolicy.predict_action_probabilities'.
2024-12-27 16:07:03 DEBUG    rasa.core.policies.memoization  - [debug    ] memoization.predict.actions    tracker_states=[{}, {'user': {'intent': 'ask_architecture'}, 'prev_action': {'action_name': 'action_listen'}}]
2024-12-27 16:07:03 DEBUG    rasa.core.policies.memoization  - There is no memorised next action
2024-12-27 16:07:03 DEBUG    rasa.engine.graph  - Node 'run_RulePolicy1' running 'RulePolicy.predict_action_probabilities'.
2024-12-27 16:07:03 DEBUG    rasa.core.policies.rule_policy  - [debug    ] rule_policy.actions.find       current_states=
[state 1] user text: что такое архитепктура | previous action name: action_listen
2024-12-27 16:07:03 DEBUG    rasa.core.policies.rule_policy  - There is no applicable rule.
2024-12-27 16:07:03 DEBUG    rasa.core.policies.rule_policy  - [debug    ] rule_policy.actions.find       current_states=
[state 1] user intent: ask_architecture | previous action name: action_listen
2024-12-27 16:07:03 DEBUG    rasa.core.policies.rule_policy  - There is a rule for the next action 'utter_architecture_response'.
2024-12-27 16:07:03 DEBUG    rasa.engine.graph  - Node 'run_TEDPolicy3' running 'TEDPolicy.predict_action_probabilities'.
2024-12-27 16:07:03 DEBUG    rasa.core.policies.ted_policy  - TED predicted 'utter_architecture_response' based on user intent.
2024-12-27 16:07:03 DEBUG    rasa.engine.graph  - Node 'run_UnexpecTEDIntentPolicy2' running 'UnexpecTEDIntentPolicy.predict_action_probabilities'.
2024-12-27 16:07:03 DEBUG    rasa.core.policies.unexpected_intent_policy  - Querying for intent `ask_architecture`.
2024-12-27 16:07:03 DEBUG    rasa.core.policies.unexpected_intent_policy  - Score for intent `ask_architecture` is `-1.4685921669006348`, while threshold is `-1.4685921669006348`.
2024-12-27 16:07:03 DEBUG    rasa.core.policies.unexpected_intent_policy  - Top 5 intents (in ascending order) that are likely here are: `[('back', -1.843002), ('ask_architecture', -1.4685922), ('request_info', 1.6458733), ('greet', 1.6700284), ('goodbye', 1.9387697)]`.
2024-12-27 16:07:03 DEBUG    rasa.engine.graph  - Node 'select_prediction' running 'DefaultPolicyPredictionEnsemble.combine_predictions_from_kwargs'.
2024-12-27 16:07:03 DEBUG    rasa.core.policies.ensemble  - Made prediction using user intent.
2024-12-27 16:07:03 DEBUG    rasa.core.policies.ensemble  - Added `DefinePrevUserUtteredFeaturization(False)` event.
2024-12-27 16:07:03 DEBUG    rasa.core.policies.ensemble  - Predicted next action using RulePolicy.
2024-12-27 16:07:03 DEBUG    rasa.core.processor  - Predicted next action 'utter_architecture_response' with confidence 1.00.
2024-12-27 16:07:03 DEBUG    rasa.core.processor  - [debug    ] processor.actions.policy_prediction prediction_events=[<rasa.shared.core.events.DefinePrevUserUtteredFeaturization object at 0x7fb860910af0>]
2024-12-27 16:07:03 DEBUG    rasa.core.processor  - [debug    ] processor.actions.log          action_name=utter_architecture_response rasa_events=[BotUttered('Архитектура ПО включает выбор структур, которые обеспечивают масштабируемость, гибкость и поддерживаемость приложения. Задайте конкретный вопрос по этой теме, и я помогу вам с информацией.', {"elements": null, "quick_replies": null, "buttons": null, "attachment": null, "image": null, "custom": null}, {"utter_action": "utter_architecture_response"}, 1735315623.6662178)]
2024-12-27 16:07:03 DEBUG    rasa.engine.runner.dask  - Running graph with inputs: {'__tracker__': <rasa.shared.core.trackers.DialogueStateTracker object at 0x7fb860b84f10>}, targets: ['select_prediction'] and ExecutionContext(model_id='3ee1353c063342369def7f6e2e4e115c', should_add_diagnostic_data=False, is_finetuning=False, node_name=None).
2024-12-27 16:07:03 DEBUG    rasa.engine.graph  - Node 'rule_only_data_provider' running 'RuleOnlyDataProvider.provide'.
2024-12-27 16:07:03 DEBUG    rasa.engine.graph  - Node 'domain_provider' running 'DomainProvider.provide_inference'.
2024-12-27 16:07:03 DEBUG    rasa.engine.graph  - Node 'run_MemoizationPolicy0' running 'MemoizationPolicy.predict_action_probabilities'.
2024-12-27 16:07:03 DEBUG    rasa.core.policies.memoization  - [debug    ] memoization.predict.actions    tracker_states=[{}, {'user': {'intent': 'ask_architecture'}, 'prev_action': {'action_name': 'action_listen'}}, {'user': {'intent': 'ask_architecture'}, 'prev_action': {'action_name': 'utter_architecture_response'}}]
2024-12-27 16:07:03 DEBUG    rasa.core.policies.memoization  - There is no memorised next action
2024-12-27 16:07:03 DEBUG    rasa.engine.graph  - Node 'run_RulePolicy1' running 'RulePolicy.predict_action_probabilities'.
2024-12-27 16:07:03 DEBUG    rasa.core.policies.rule_policy  - [debug    ] rule_policy.actions.find       current_states=
[state 1] user intent: ask_architecture | previous action name: action_listen
[state 2] user intent: ask_architecture | previous action name: utter_architecture_response
2024-12-27 16:07:03 DEBUG    rasa.core.policies.rule_policy  - There is a rule for the next action 'action_listen'.
2024-12-27 16:07:03 DEBUG    rasa.engine.graph  - Node 'run_TEDPolicy3' running 'TEDPolicy.predict_action_probabilities'.
2024-12-27 16:07:03 DEBUG    rasa.core.policies.ted_policy  - TED predicted 'action_listen' based on user intent.
2024-12-27 16:07:03 DEBUG    rasa.engine.graph  - Node 'run_UnexpecTEDIntentPolicy2' running 'UnexpecTEDIntentPolicy.predict_action_probabilities'.
2024-12-27 16:07:03 DEBUG    rasa.core.policies.unexpected_intent_policy  - Skipping predictions for UnexpecTEDIntentPolicy as either there is no event of type `UserUttered`, event's intent is new and not in domain or there is an event of type `ActionExecuted` after the last `UserUttered`.
2024-12-27 16:07:03 DEBUG    rasa.engine.graph  - Node 'select_prediction' running 'DefaultPolicyPredictionEnsemble.combine_predictions_from_kwargs'.
2024-12-27 16:07:03 DEBUG    rasa.core.policies.ensemble  - Predicted next action using RulePolicy.
2024-12-27 16:07:03 DEBUG    rasa.core.processor  - Predicted next action 'action_listen' with confidence 1.00.
2024-12-27 16:07:03 DEBUG    rasa.core.processor  - [debug    ] processor.actions.policy_prediction prediction_events=[]
2024-12-27 16:07:03 DEBUG    rasa.core.processor  - [debug    ] processor.actions.log          action_name=action_listen rasa_events=[]
2024-12-27 16:07:03 DEBUG    rasa.core.tracker_store  - No event broker configured. Skipping streaming events.
2024-12-27 16:07:03 DEBUG    rasa.core.lock_store  - Deleted lock for conversation 'a809ee2df69d40a3a12ffaa4d66dd73e'.
Архитектура ПО включает выбор структур, которые обеспечивают масштабируемость, гибкость и поддерживаемость приложения. Задайте конкретный вопрос по этой теме, и я помогу вам с информацией.
Your input ->  что такое микросервисная архитектура?                                                                                                          
2024-12-27 16:07:16 DEBUG    rasa.core.lock_store  - Issuing ticket for conversation 'a809ee2df69d40a3a12ffaa4d66dd73e'.
2024-12-27 16:07:16 DEBUG    rasa.core.lock_store  - Acquiring lock for conversation 'a809ee2df69d40a3a12ffaa4d66dd73e'.
2024-12-27 16:07:16 DEBUG    rasa.core.lock_store  - Acquired lock for conversation 'a809ee2df69d40a3a12ffaa4d66dd73e'.
2024-12-27 16:07:16 DEBUG    rasa.core.tracker_store  - Recreating tracker for id 'a809ee2df69d40a3a12ffaa4d66dd73e'
2024-12-27 16:07:16 DEBUG    rasa.engine.runner.dask  - Running graph with inputs: {'__message__': [<rasa.core.channels.channel.UserMessage object at 0x7fb85fef1990>], '__tracker__': <rasa.shared.core.trackers.DialogueStateTracker object at 0x7fb85fef0880>}, targets: ['run_RegexMessageHandler'] and ExecutionContext(model_id='3ee1353c063342369def7f6e2e4e115c', should_add_diagnostic_data=False, is_finetuning=False, node_name=None).
2024-12-27 16:07:16 DEBUG    rasa.engine.graph  - Node 'nlu_message_converter' running 'NLUMessageConverter.convert_user_message'.
2024-12-27 16:07:16 DEBUG    rasa.engine.graph  - Node 'run_WhitespaceTokenizer0' running 'WhitespaceTokenizer.process'.
2024-12-27 16:07:16 DEBUG    rasa.engine.graph  - Node 'run_RegexFeaturizer1' running 'RegexFeaturizer.process'.
2024-12-27 16:07:16 DEBUG    rasa.engine.graph  - Node 'run_LexicalSyntacticFeaturizer2' running 'LexicalSyntacticFeaturizer.process'.
2024-12-27 16:07:16 DEBUG    rasa.engine.graph  - Node 'run_CountVectorsFeaturizer3' running 'CountVectorsFeaturizer.process'.
2024-12-27 16:07:16 DEBUG    rasa.engine.graph  - Node 'run_CountVectorsFeaturizer4' running 'CountVectorsFeaturizer.process'.
2024-12-27 16:07:16 DEBUG    rasa.engine.graph  - Node 'run_DIETClassifier5' running 'DIETClassifier.process'.
2024-12-27 16:07:17 DEBUG    rasa.engine.graph  - Node 'run_EntitySynonymMapper6' running 'EntitySynonymMapper.process'.
2024-12-27 16:07:17 DEBUG    rasa.engine.graph  - Node 'run_ResponseSelector7' running 'ResponseSelector.process'.
2024-12-27 16:07:17 DEBUG    rasa.nlu.classifiers.diet_classifier  - There is no trained model for 'ResponseSelector': The component is either not trained or didn't receive enough training data.
2024-12-27 16:07:17 DEBUG    rasa.nlu.selectors.response_selector  - Adding following selector key to message property: default
2024-12-27 16:07:17 DEBUG    rasa.engine.graph  - Node 'run_FallbackClassifier8' running 'FallbackClassifier.process'.
2024-12-27 16:07:17 DEBUG    rasa.engine.graph  - Node 'domain_provider' running 'DomainProvider.provide_inference'.
2024-12-27 16:07:17 DEBUG    rasa.engine.graph  - Node 'run_RegexMessageHandler' running 'RegexMessageHandler.process'.
2024-12-27 16:07:17 DEBUG    rasa.core.processor  - [debug    ] processor.message.parse        parse_data_entities=[] parse_data_intent={'name': 'ask_architecture', 'confidence': 1.0} parse_data_text=что такое микросервисная архитектура?
2024-12-27 16:07:17 DEBUG    rasa.core.processor  - Logged UserUtterance - tracker now has 10 events.
2024-12-27 16:07:17 DEBUG    rasa.core.actions.action  - Validating extracted slots: topic
2024-12-27 16:07:17 DEBUG    rasa.core.processor  - [debug    ] processor.extract.slots        action_extract_slot=action_extract_slots len_extraction_events=1 rasa_events=[SlotSet(key: topic, value: что такое микросервисная архитектура?)]
2024-12-27 16:07:17 DEBUG    rasa.engine.runner.dask  - Running graph with inputs: {'__tracker__': <rasa.shared.core.trackers.DialogueStateTracker object at 0x7fb85fef0880>}, targets: ['select_prediction'] and ExecutionContext(model_id='3ee1353c063342369def7f6e2e4e115c', should_add_diagnostic_data=False, is_finetuning=False, node_name=None).
2024-12-27 16:07:17 DEBUG    rasa.engine.graph  - Node 'rule_only_data_provider' running 'RuleOnlyDataProvider.provide'.
2024-12-27 16:07:17 DEBUG    rasa.engine.graph  - Node 'domain_provider' running 'DomainProvider.provide_inference'.
2024-12-27 16:07:17 DEBUG    rasa.engine.graph  - Node 'run_MemoizationPolicy0' running 'MemoizationPolicy.predict_action_probabilities'.
2024-12-27 16:07:17 DEBUG    rasa.core.policies.memoization  - [debug    ] memoization.predict.actions    tracker_states=[{}, {'user': {'intent': 'ask_architecture'}, 'prev_action': {'action_name': 'action_listen'}}, {'user': {'intent': 'ask_architecture'}, 'prev_action': {'action_name': 'utter_architecture_response'}}, {'user': {'intent': 'ask_architecture'}, 'prev_action': {'action_name': 'action_listen'}}]
2024-12-27 16:07:17 DEBUG    rasa.core.policies.memoization  - There is no memorised next action
2024-12-27 16:07:17 DEBUG    rasa.engine.graph  - Node 'run_RulePolicy1' running 'RulePolicy.predict_action_probabilities'.
2024-12-27 16:07:17 DEBUG    rasa.core.policies.rule_policy  - [debug    ] rule_policy.actions.find       current_states=
[state 1] user intent: ask_architecture | previous action name: action_listen
[state 2] user intent: ask_architecture | previous action name: utter_architecture_response
[state 3] user text: что такое микросервисная архитектура? | previous action name: action_listen
2024-12-27 16:07:17 DEBUG    rasa.core.policies.rule_policy  - There is no applicable rule.
2024-12-27 16:07:17 DEBUG    rasa.core.policies.rule_policy  - [debug    ] rule_policy.actions.find       current_states=
[state 1] user intent: ask_architecture | previous action name: action_listen
[state 2] user intent: ask_architecture | previous action name: utter_architecture_response
[state 3] user intent: ask_architecture | previous action name: action_listen
2024-12-27 16:07:17 DEBUG    rasa.core.policies.rule_policy  - There is a rule for the next action 'utter_architecture_response'.
2024-12-27 16:07:17 DEBUG    rasa.engine.graph  - Node 'run_TEDPolicy3' running 'TEDPolicy.predict_action_probabilities'.
2024-12-27 16:07:17 DEBUG    rasa.core.policies.ted_policy  - TED predicted 'utter_architecture_response' based on user intent.
2024-12-27 16:07:17 DEBUG    rasa.engine.graph  - Node 'run_UnexpecTEDIntentPolicy2' running 'UnexpecTEDIntentPolicy.predict_action_probabilities'.
2024-12-27 16:07:17 DEBUG    rasa.core.policies.unexpected_intent_policy  - Querying for intent `ask_architecture`.
2024-12-27 16:07:17 DEBUG    rasa.core.policies.unexpected_intent_policy  - Score for intent `ask_architecture` is `-1.6993677616119385`, while threshold is `-1.4685921669006348`.
2024-12-27 16:07:17 DEBUG    rasa.core.policies.unexpected_intent_policy  - Top 5 intents (in ascending order) that are likely here are: `[('inform', -1.7382116), ('ask_architecture', -1.6993678), ('request_info', 1.8505163), ('greet', 1.9860705), ('goodbye', 2.1860008)]`.
2024-12-27 16:07:17 DEBUG    rasa.core.policies.unexpected_intent_policy  - Intent `ask_architecture-1` unlikely to occur here.
2024-12-27 16:07:17 DEBUG    rasa.engine.graph  - Node 'select_prediction' running 'DefaultPolicyPredictionEnsemble.combine_predictions_from_kwargs'.
2024-12-27 16:07:17 DEBUG    rasa.core.policies.ensemble  - Made prediction using user intent.
2024-12-27 16:07:17 DEBUG    rasa.core.policies.ensemble  - Added `DefinePrevUserUtteredFeaturization(False)` event.
2024-12-27 16:07:17 DEBUG    rasa.core.policies.ensemble  - Predicted next action using RulePolicy.
2024-12-27 16:07:17 DEBUG    rasa.core.processor  - Predicted next action 'utter_architecture_response' with confidence 1.00.
2024-12-27 16:07:17 DEBUG    rasa.core.processor  - [debug    ] processor.actions.policy_prediction prediction_events=[<rasa.shared.core.events.DefinePrevUserUtteredFeaturization object at 0x7fb85fef1330>]
2024-12-27 16:07:17 DEBUG    rasa.core.processor  - [debug    ] processor.actions.log          action_name=utter_architecture_response rasa_events=[BotUttered('Архитектура ПО включает выбор структур, которые обеспечивают масштабируемость, гибкость и поддерживаемость приложения. Задайте конкретный вопрос по этой теме, и я помогу вам с информацией.', {"elements": null, "quick_replies": null, "buttons": null, "attachment": null, "image": null, "custom": null}, {"utter_action": "utter_architecture_response"}, 1735315637.0169656)]
2024-12-27 16:07:17 DEBUG    rasa.engine.runner.dask  - Running graph with inputs: {'__tracker__': <rasa.shared.core.trackers.DialogueStateTracker object at 0x7fb85fef0880>}, targets: ['select_prediction'] and ExecutionContext(model_id='3ee1353c063342369def7f6e2e4e115c', should_add_diagnostic_data=False, is_finetuning=False, node_name=None).
2024-12-27 16:07:17 DEBUG    rasa.engine.graph  - Node 'rule_only_data_provider' running 'RuleOnlyDataProvider.provide'.
2024-12-27 16:07:17 DEBUG    rasa.engine.graph  - Node 'domain_provider' running 'DomainProvider.provide_inference'.
2024-12-27 16:07:17 DEBUG    rasa.engine.graph  - Node 'run_MemoizationPolicy0' running 'MemoizationPolicy.predict_action_probabilities'.
2024-12-27 16:07:17 DEBUG    rasa.core.policies.memoization  - [debug    ] memoization.predict.actions    tracker_states=[{}, {'user': {'intent': 'ask_architecture'}, 'prev_action': {'action_name': 'action_listen'}}, {'user': {'intent': 'ask_architecture'}, 'prev_action': {'action_name': 'utter_architecture_response'}}, {'user': {'intent': 'ask_architecture'}, 'prev_action': {'action_name': 'action_listen'}}, {'user': {'intent': 'ask_architecture'}, 'prev_action': {'action_name': 'utter_architecture_response'}}]
2024-12-27 16:07:17 DEBUG    rasa.core.policies.memoization  - There is no memorised next action
2024-12-27 16:07:17 DEBUG    rasa.engine.graph  - Node 'run_RulePolicy1' running 'RulePolicy.predict_action_probabilities'.
2024-12-27 16:07:17 DEBUG    rasa.core.policies.rule_policy  - [debug    ] rule_policy.actions.find       current_states=
[state 1] user intent: ask_architecture | previous action name: action_listen
[state 2] user intent: ask_architecture | previous action name: utter_architecture_response
[state 3] user intent: ask_architecture | previous action name: action_listen
[state 4] user intent: ask_architecture | previous action name: utter_architecture_response
2024-12-27 16:07:17 DEBUG    rasa.core.policies.rule_policy  - There is a rule for the next action 'action_listen'.
2024-12-27 16:07:17 DEBUG    rasa.engine.graph  - Node 'run_TEDPolicy3' running 'TEDPolicy.predict_action_probabilities'.
2024-12-27 16:07:17 DEBUG    rasa.core.policies.ted_policy  - TED predicted 'action_listen' based on user intent.
2024-12-27 16:07:17 DEBUG    rasa.engine.graph  - Node 'run_UnexpecTEDIntentPolicy2' running 'UnexpecTEDIntentPolicy.predict_action_probabilities'.
2024-12-27 16:07:17 DEBUG    rasa.core.policies.unexpected_intent_policy  - Skipping predictions for UnexpecTEDIntentPolicy as either there is no event of type `UserUttered`, event's intent is new and not in domain or there is an event of type `ActionExecuted` after the last `UserUttered`.
2024-12-27 16:07:17 DEBUG    rasa.engine.graph  - Node 'select_prediction' running 'DefaultPolicyPredictionEnsemble.combine_predictions_from_kwargs'.
2024-12-27 16:07:17 DEBUG    rasa.core.policies.ensemble  - Predicted next action using RulePolicy.
2024-12-27 16:07:17 DEBUG    rasa.core.processor  - Predicted next action 'action_listen' with confidence 1.00.
2024-12-27 16:07:17 DEBUG    rasa.core.processor  - [debug    ] processor.actions.policy_prediction prediction_events=[]
2024-12-27 16:07:17 DEBUG    rasa.core.processor  - [debug    ] processor.actions.log          action_name=action_listen rasa_events=[]
2024-12-27 16:07:17 DEBUG    rasa.core.tracker_store  - No event broker configured. Skipping streaming events.
2024-12-27 16:07:17 DEBUG    rasa.core.lock_store  - Deleted lock for conversation 'a809ee2df69d40a3a12ffaa4d66dd73e'.
Архитектура ПО включает выбор структур, которые обеспечивают масштабируемость, гибкость и поддерживаемость приложения. Задайте конкретный вопрос по этой теме, и я помогу вам с информацией.
     

